INFO: [VRFC 10-2263] Analyzing Verilog file "D:/RTL_Design/RISC_V_Processor_32_bit/RISC_V_Processor_32_bit.srcs/sources_1/new/alu.v" into library xil_defaultlib
INFO: [VRFC 10-311] analyzing module alu
INFO: [VRFC 10-2263] Analyzing Verilog file "D:/RTL_Design/RISC_V_Processor_32_bit/RISC_V_Processor_32_bit.srcs/sources_1/new/alu_control.v" into library xil_defaultlib
INFO: [VRFC 10-311] analyzing module alu_control
INFO: [VRFC 10-2263] Analyzing Verilog file "D:/RTL_Design/RISC_V_Processor_32_bit/RISC_V_Processor_32_bit.srcs/sources_1/new/control_unit.v" into library xil_defaultlib
INFO: [VRFC 10-311] analyzing module control_unit
INFO: [VRFC 10-2263] Analyzing Verilog file "D:/RTL_Design/RISC_V_Processor_32_bit/RISC_V_Processor_32_bit.srcs/sources_1/new/data_memory.v" into library xil_defaultlib
INFO: [VRFC 10-311] analyzing module data_memory
INFO: [VRFC 10-2263] Analyzing Verilog file "D:/RTL_Design/RISC_V_Processor_32_bit/RISC_V_Processor_32_bit.srcs/sources_1/new/ex_mem_reg.v" into library xil_defaultlib
INFO: [VRFC 10-311] analyzing module ex_mem_reg
INFO: [VRFC 10-2263] Analyzing Verilog file "D:/RTL_Design/RISC_V_Processor_32_bit/RISC_V_Processor_32_bit.srcs/sources_1/new/id_ex_reg.v" into library xil_defaultlib
INFO: [VRFC 10-311] analyzing module id_ex_reg
INFO: [VRFC 10-2263] Analyzing Verilog file "D:/RTL_Design/RISC_V_Processor_32_bit/RISC_V_Processor_32_bit.srcs/sources_1/new/if_id_reg.v" into library xil_defaultlib
INFO: [VRFC 10-311] analyzing module if_id_reg
INFO: [VRFC 10-2263] Analyzing Verilog file "D:/RTL_Design/RISC_V_Processor_32_bit/RISC_V_Processor_32_bit.srcs/sources_1/new/iimgen.v" into library xil_defaultlib
INFO: [VRFC 10-311] analyzing module immgen
INFO: [VRFC 10-2263] Analyzing Verilog file "D:/RTL_Design/RISC_V_Processor_32_bit/RISC_V_Processor_32_bit.srcs/sources_1/new/instruction_memory.v" into library xil_defaultlib
INFO: [VRFC 10-311] analyzing module instruction_memory
INFO: [VRFC 10-2263] Analyzing Verilog file "D:/RTL_Design/RISC_V_Processor_32_bit/RISC_V_Processor_32_bit.srcs/sources_1/new/mem_wb_reg.v" into library xil_defaultlib
INFO: [VRFC 10-311] analyzing module mem_wb_reg
INFO: [VRFC 10-2263] Analyzing Verilog file "D:/RTL_Design/RISC_V_Processor_32_bit/RISC_V_Processor_32_bit.srcs/sources_1/new/pc.v" into library xil_defaultlib
INFO: [VRFC 10-311] analyzing module pc
INFO: [VRFC 10-2263] Analyzing Verilog file "D:/RTL_Design/RISC_V_Processor_32_bit/RISC_V_Processor_32_bit.srcs/sources_1/new/regefile.v" into library xil_defaultlib
INFO: [VRFC 10-311] analyzing module regefile
INFO: [VRFC 10-2263] Analyzing Verilog file "D:/RTL_Design/RISC_V_Processor_32_bit/RISC_V_Processor_32_bit.srcs/sources_1/new/riscv_pipeline.v" into library xil_defaultlib
INFO: [VRFC 10-311] analyzing module riscv_pipeline
INFO: [VRFC 10-2458] undeclared symbol RegWrite_WB, assumed default net type wire [D:/RTL_Design/RISC_V_Processor_32_bit/RISC_V_Processor_32_bit.srcs/sources_1/new/riscv_pipeline.v:41]
INFO: [VRFC 10-2458] undeclared symbol rd_WB, assumed default net type wire [D:/RTL_Design/RISC_V_Processor_32_bit/RISC_V_Processor_32_bit.srcs/sources_1/new/riscv_pipeline.v:41]
INFO: [VRFC 10-2263] Analyzing Verilog file "D:/RTL_Design/RISC_V_Processor_32_bit/RISC_V_Processor_32_bit.srcs/sim_1/new/tb_riscv_pipeline.v" into library xil_defaultlib
INFO: [VRFC 10-311] analyzing module tb_riscv_pipeline
