Vivado Simulator 2018.3
Copyright 1986-1999, 2001-2018 Xilinx, Inc. All Rights Reserved.
Running: D:/Vivado_2018/Vivado/2018.3/bin/unwrapped/win64.o/xelab.exe -wto 5efafc89cb3b479d9ce8fde5b8c5b18c --incr --debug typical --relax --mt 2 -L xil_defaultlib -L unisims_ver -L unimacro_ver -L secureip --snapshot tb_riscv_pipeline_behav xil_defaultlib.tb_riscv_pipeline xil_defaultlib.glbl -log elaborate.log 
Using 2 slave threads.
Starting static elaboration
WARNING: [VRFC 10-3091] actual bit length 1 differs from formal bit length 5 for port 'rd' [D:/RTL_Design/RISC_V_Processor_32_bit/RISC_V_Processor_32_bit.srcs/sources_1/new/riscv_pipeline.v:41]
Completed static elaboration
Starting simulation data flow analysis
Completed simulation data flow analysis
Time Resolution for simulation is 1ps
Compiling module xil_defaultlib.pc
Compiling module xil_defaultlib.instruction_memory
Compiling module xil_defaultlib.if_id_reg
Compiling module xil_defaultlib.control_unit
Compiling module xil_defaultlib.regefile
Compiling module xil_defaultlib.immgen
Compiling module xil_defaultlib.id_ex_reg
Compiling module xil_defaultlib.alu_control
Compiling module xil_defaultlib.alu
Compiling module xil_defaultlib.ex_mem_reg
Compiling module xil_defaultlib.data_memory
Compiling module xil_defaultlib.mem_wb_reg
Compiling module xil_defaultlib.riscv_pipeline
Compiling module xil_defaultlib.tb_riscv_pipeline
Compiling module xil_defaultlib.glbl
Built simulation snapshot tb_riscv_pipeline_behav
