INFO: [VRFC 10-2263] Analyzing Verilog file "D:/RTL_Design/RISC_V_Processor_32_bit/RISC_V_Processor_32_bit.srcs/sources_1/new/Single_Cycle_RV32I.v" into library xil_defaultlib
INFO: [VRFC 10-311] analyzing module Single_Cycle_RV32I
INFO: [VRFC 10-2263] Analyzing Verilog file "D:/RTL_Design/RISC_V_Processor_32_bit/RISC_V_Processor_32_bit.srcs/sources_1/new/adder.v" into library xil_defaultlib
INFO: [VRFC 10-311] analyzing module adder
INFO: [VRFC 10-2263] Analyzing Verilog file "D:/RTL_Design/RISC_V_Processor_32_bit/RISC_V_Processor_32_bit.srcs/sources_1/new/control_logic.v" into library xil_defaultlib
INFO: [VRFC 10-311] analyzing module control_logic
INFO: [VRFC 10-2263] Analyzing Verilog file "D:/RTL_Design/RISC_V_Processor_32_bit/RISC_V_Processor_32_bit.srcs/sources_1/new/datapath.v" into library xil_defaultlib
INFO: [VRFC 10-311] analyzing module datapath
INFO: [VRFC 10-2263] Analyzing Verilog file "D:/RTL_Design/RISC_V_Processor_32_bit/RISC_V_Processor_32_bit.srcs/sources_1/new/dmem.v" into library xil_defaultlib
INFO: [VRFC 10-311] analyzing module dmem
INFO: [VRFC 10-2263] Analyzing Verilog file "D:/RTL_Design/RISC_V_Processor_32_bit/RISC_V_Processor_32_bit.srcs/sources_1/new/extend.v" into library xil_defaultlib
INFO: [VRFC 10-311] analyzing module extend
INFO: [VRFC 10-2263] Analyzing Verilog file "D:/RTL_Design/RISC_V_Processor_32_bit/RISC_V_Processor_32_bit.srcs/sources_1/new/flopr.v" into library xil_defaultlib
INFO: [VRFC 10-311] analyzing module flopr
INFO: [VRFC 10-2263] Analyzing Verilog file "D:/RTL_Design/RISC_V_Processor_32_bit/RISC_V_Processor_32_bit.srcs/sources_1/new/imem.v" into library xil_defaultlib
INFO: [VRFC 10-311] analyzing module imem
INFO: [VRFC 10-2263] Analyzing Verilog file "D:/RTL_Design/RISC_V_Processor_32_bit/RISC_V_Processor_32_bit.srcs/sources_1/new/mux2.v" into library xil_defaultlib
INFO: [VRFC 10-311] analyzing module mux2
INFO: [VRFC 10-2263] Analyzing Verilog file "D:/RTL_Design/RISC_V_Processor_32_bit/RISC_V_Processor_32_bit.srcs/sources_1/new/mux4.v" into library xil_defaultlib
INFO: [VRFC 10-311] analyzing module mux4
INFO: [VRFC 10-2263] Analyzing Verilog file "D:/RTL_Design/RISC_V_Processor_32_bit/RISC_V_Processor_32_bit.srcs/sources_1/new/regfile.v" into library xil_defaultlib
INFO: [VRFC 10-311] analyzing module regfile
INFO: [VRFC 10-2263] Analyzing Verilog file "D:/RTL_Design/RISC_V_Processor_32_bit/RISC_V_Processor_32_bit.srcs/sources_1/new/Top.v" into library xil_defaultlib
INFO: [VRFC 10-311] analyzing module Top
